<?xml version="1.0" encoding="UTF-8"?>
<!-- Generated by org.testng.reporters.JUnitXMLReporter -->
<testsuite hostname="ip-172-31-92-41" ignored="0" name="Test" tests="3" failures="1" timestamp="12 Nov 2021 06:04:46 GMT" time="13.443" errors="0">
  <testcase name="ExcelTest" time="2.364" classname="test.LoginTest"/>
  <testcase name="NegativeLogin" time="3.472" classname="test.LoginTest">
    <failure type="java.lang.AssertionError" message="expected [true] but found [false]">
      <![CDATA[java.lang.AssertionError: expected [true] but found [false]
at test.LoginTest.NegativeLogin(LoginTest.java:28)
... Removed 29 stack frames]]>
    </failure>
  </testcase> <!-- NegativeLogin -->
  <testcase name="PositiveLogin" time="1.67" classname="test.LoginTest"/>
</testsuite> <!-- Test -->
