<?xml version="1.0" encoding="UTF-8"?>
<testng-results skipped="0" failed="0" ignored="0" total="3" passed="3">
  <reporter-output>
  </reporter-output>
  <suite name="Suite" duration-ms="12152" started-at="2021-11-09T07:04:46Z" finished-at="2021-11-09T07:04:58Z">
    <groups>
    </groups>
    <test name="Test" duration-ms="12152" started-at="2021-11-09T07:04:46Z" finished-at="2021-11-09T07:04:58Z">
      <class name="test.LoginTest">
        <test-method status="PASS" signature="ReportSetup()[pri:0, instance:test.LoginTest@2a742aa2]" name="ReportSetup" is-config="true" duration-ms="507" started-at="2021-11-09T07:04:46Z" finished-at="2021-11-09T07:04:46Z">
          <reporter-output>
          </reporter-output>
        </test-method> <!-- ReportSetup -->
        <test-method status="PASS" signature="setup()[pri:0, instance:test.LoginTest@2a742aa2]" name="setup" is-config="true" duration-ms="1591" started-at="2021-11-09T07:04:46Z" finished-at="2021-11-09T07:04:48Z">
          <reporter-output>
          </reporter-output>
        </test-method> <!-- setup -->
        <test-method status="PASS" signature="ExcelTest()[pri:0, instance:test.LoginTest@2a742aa2]" name="ExcelTest" duration-ms="2386" started-at="2021-11-09T07:04:48Z" finished-at="2021-11-09T07:04:50Z">
          <reporter-output>
          </reporter-output>
        </test-method> <!-- ExcelTest -->
        <test-method status="PASS" signature="teardown()[pri:0, instance:test.LoginTest@2a742aa2]" name="teardown" is-config="true" duration-ms="71" started-at="2021-11-09T07:04:50Z" finished-at="2021-11-09T07:04:50Z">
          <reporter-output>
          </reporter-output>
        </test-method> <!-- teardown -->
        <test-method status="PASS" signature="setup()[pri:0, instance:test.LoginTest@2a742aa2]" name="setup" is-config="true" duration-ms="1513" started-at="2021-11-09T07:04:50Z" finished-at="2021-11-09T07:04:52Z">
          <reporter-output>
          </reporter-output>
        </test-method> <!-- setup -->
        <test-method status="PASS" signature="NegativeLogin(java.lang.String, java.lang.String)[pri:0, instance:test.LoginTest@2a742aa2]" name="NegativeLogin" duration-ms="2420" started-at="2021-11-09T07:04:52Z" finished-at="2021-11-09T07:04:54Z">
          <params>
            <param index="0">
              <value>
                <![CDATA[abc@abc.com]]>
              </value>
            </param>
            <param index="1">
              <value>
                <![CDATA[Abc@123456]]>
              </value>
            </param>
          </params>
          <reporter-output>
          </reporter-output>
        </test-method> <!-- NegativeLogin -->
        <test-method status="PASS" signature="teardown()[pri:0, instance:test.LoginTest@2a742aa2]" name="teardown" is-config="true" duration-ms="72" started-at="2021-11-09T07:04:54Z" finished-at="2021-11-09T07:04:54Z">
          <reporter-output>
          </reporter-output>
        </test-method> <!-- teardown -->
        <test-method status="PASS" signature="setup()[pri:0, instance:test.LoginTest@2a742aa2]" name="setup" is-config="true" duration-ms="1494" started-at="2021-11-09T07:04:54Z" finished-at="2021-11-09T07:04:56Z">
          <reporter-output>
          </reporter-output>
        </test-method> <!-- setup -->
        <test-method status="PASS" signature="PositiveLogin(java.lang.String, java.lang.String)[pri:0, instance:test.LoginTest@2a742aa2]" name="PositiveLogin" duration-ms="1742" started-at="2021-11-09T07:04:56Z" finished-at="2021-11-09T07:04:58Z">
          <params>
            <param index="0">
              <value>
                <![CDATA[abc@abc.com]]>
              </value>
            </param>
            <param index="1">
              <value>
                <![CDATA[Abc@123456]]>
              </value>
            </param>
          </params>
          <reporter-output>
          </reporter-output>
        </test-method> <!-- PositiveLogin -->
        <test-method status="PASS" signature="teardown()[pri:0, instance:test.LoginTest@2a742aa2]" name="teardown" is-config="true" duration-ms="68" started-at="2021-11-09T07:04:58Z" finished-at="2021-11-09T07:04:58Z">
          <reporter-output>
          </reporter-output>
        </test-method> <!-- teardown -->
        <test-method status="PASS" signature="ReportTearDown()[pri:0, instance:test.LoginTest@2a742aa2]" name="ReportTearDown" is-config="true" duration-ms="274" started-at="2021-11-09T07:04:58Z" finished-at="2021-11-09T07:04:58Z">
          <reporter-output>
          </reporter-output>
        </test-method> <!-- ReportTearDown -->
      </class> <!-- test.LoginTest -->
    </test> <!-- Test -->
  </suite> <!-- Suite -->
</testng-results>
